
xv6 kernel is booting

hart 2 starting
hart 1 starting
init: starting sh
$ usertests -q
usertests starting
test copyin: OK
test copyout: OK
test copyinstr1: OK
test copyinstr2: OK
test copyinstr3: OK
test rwsbrk: OK
test truncate1: OK
test truncate2: OK
test truncate3: OK
test openiput: OK
test exitiput: OK
test iput: OK
test opentest: OK
test writetest: OK
test writebig: OK
test createtest: OK
test dirtest: OK
test exectest: OK
test pipe1: OK
test killstatus: OK
test preempt: kill... wait... OK
test exitwait: OK
test reparent: OK
test twochildren: OK
test forkfork: OK
test forkforkfork: OK
test reparent2: OK
test mem: OK
test sharedfd: OK
test fourfiles: OK
test createdelete: OK
test unlinkread: OK
test linktest: OK
test concreate: OK
test linkunlink: OK
test subdir: OK
test bigwrite: OK
test bigfile: OK
test fourteen: OK
test rmdot: OK
test dirfile: OK
test iref: OK
test forktest: OK
test sbrkbasic: OK
test sbrkmuch: OK
test kernmem: usertrap(): unexpected scause 0xd pid=6475
            sepc=0x1bfc stval=0x80000000
usertrap(): unexpected scause 0xd pid=6476
            sepc=0x1bfc stval=0x8000c350
usertrap(): unexpected scause 0xd pid=6477
            sepc=0x1bfc stval=0x800186a0
usertrap(): unexpected scause 0xd pid=6478
            sepc=0x1bfc stval=0x800249f0
usertrap(): unexpected scause 0xd pid=6479
            sepc=0x1bfc stval=0x80030d40
usertrap(): unexpected scause 0xd pid=6480
            sepc=0x1bfc stval=0x8003d090
usertrap(): unexpected scause 0xd pid=6481
            sepc=0x1bfc stval=0x800493e0
usertrap(): unexpected scause 0xd pid=6482
            sepc=0x1bfc stval=0x80055730
usertrap(): unexpected scause 0xd pid=6483
            sepc=0x1bfc stval=0x80061a80
usertrap(): unexpected scause 0xd pid=6484
            sepc=0x1bfc stval=0x8006ddd0
usertrap(): unexpected scause 0xd pid=6485
            sepc=0x1bfc stval=0x8007a120
usertrap(): unexpected scause 0xd pid=6486
            sepc=0x1bfc stval=0x80086470
usertrap(): unexpected scause 0xd pid=6487
            sepc=0x1bfc stval=0x800927c0
usertrap(): unexpected scause 0xd pid=6488
            sepc=0x1bfc stval=0x8009eb10
usertrap(): unexpected scause 0xd pid=6489
            sepc=0x1bfc stval=0x800aae60
usertrap(): unexpected scause 0xd pid=6490
            sepc=0x1bfc stval=0x800b71b0
usertrap(): unexpected scause 0xd pid=6491
            sepc=0x1bfc stval=0x800c3500
usertrap(): unexpected scause 0xd pid=6492
            sepc=0x1bfc stval=0x800cf850
usertrap(): unexpected scause 0xd pid=6493
            sepc=0x1bfc stval=0x800dbba0
usertrap(): unexpected scause 0xd pid=6494
            sepc=0x1bfc stval=0x800e7ef0
usertrap(): unexpected scause 0xd pid=6495
            sepc=0x1bfc stval=0x800f4240
usertrap(): unexpected scause 0xd pid=6496
            sepc=0x1bfc stval=0x80100590
usertrap(): unexpected scause 0xd pid=6497
            sepc=0x1bfc stval=0x8010c8e0
usertrap(): unexpected scause 0xd pid=6498
            sepc=0x1bfc stval=0x80118c30
usertrap(): unexpected scause 0xd pid=6499
            sepc=0x1bfc stval=0x80124f80
usertrap(): unexpected scause 0xd pid=6500
            sepc=0x1bfc stval=0x801312d0
usertrap(): unexpected scause 0xd pid=6501
            sepc=0x1bfc stval=0x8013d620
usertrap(): unexpected scause 0xd pid=6502
            sepc=0x1bfc stval=0x80149970
usertrap(): unexpected scause 0xd pid=6503
            sepc=0x1bfc stval=0x80155cc0
usertrap(): unexpected scause 0xd pid=6504
            sepc=0x1bfc stval=0x80162010
usertrap(): unexpected scause 0xd pid=6505
            sepc=0x1bfc stval=0x8016e360
usertrap(): unexpected scause 0xd pid=6506
            sepc=0x1bfc stval=0x8017a6b0
usertrap(): unexpected scause 0xd pid=6507
            sepc=0x1bfc stval=0x80186a00
usertrap(): unexpected scause 0xd pid=6508
            sepc=0x1bfc stval=0x80192d50
usertrap(): unexpected scause 0xd pid=6509
            sepc=0x1bfc stval=0x8019f0a0
usertrap(): unexpected scause 0xd pid=6510
            sepc=0x1bfc stval=0x801ab3f0
usertrap(): unexpected scause 0xd pid=6511
            sepc=0x1bfc stval=0x801b7740
usertrap(): unexpected scause 0xd pid=6512
            sepc=0x1bfc stval=0x801c3a90
usertrap(): unexpected scause 0xd pid=6513
            sepc=0x1bfc stval=0x801cfde0
usertrap(): unexpected scause 0xd pid=6514
            sepc=0x1bfc stval=0x801dc130
OK
test MAXVAplus: usertrap(): unexpected scause 0xf pid=6516
            sepc=0x1c8c stval=0x4000000000
usertrap(): unexpected scause 0xf pid=6517
            sepc=0x1c8c stval=0x8000000000
usertrap(): unexpected scause 0xf pid=6518
            sepc=0x1c8c stval=0x10000000000
usertrap(): unexpected scause 0xf pid=6519
            sepc=0x1c8c stval=0x20000000000
usertrap(): unexpected scause 0xf pid=6520
            sepc=0x1c8c stval=0x40000000000
usertrap(): unexpected scause 0xf pid=6521
            sepc=0x1c8c stval=0x80000000000
usertrap(): unexpected scause 0xf pid=6522
            sepc=0x1c8c stval=0x100000000000
usertrap(): unexpected scause 0xf pid=6523
            sepc=0x1c8c stval=0x200000000000
usertrap(): unexpected scause 0xf pid=6524
            sepc=0x1c8c stval=0x400000000000
usertrap(): unexpected scause 0xf pid=6525
            sepc=0x1c8c stval=0x800000000000
usertrap(): unexpected scause 0xf pid=6526
            sepc=0x1c8c stval=0x1000000000000
usertrap(): unexpected scause 0xf pid=6527
            sepc=0x1c8c stval=0x2000000000000
usertrap(): unexpected scause 0xf pid=6528
            sepc=0x1c8c stval=0x4000000000000
usertrap(): unexpected scause 0xf pid=6529
            sepc=0x1c8c stval=0x8000000000000
usertrap(): unexpected scause 0xf pid=6530
            sepc=0x1c8c stval=0x10000000000000
usertrap(): unexpected scause 0xf pid=6531
            sepc=0x1c8c stval=0x20000000000000
usertrap(): unexpected scause 0xf pid=6532
            sepc=0x1c8c stval=0x40000000000000
usertrap(): unexpected scause 0xf pid=6533
            sepc=0x1c8c stval=0x80000000000000
usertrap(): unexpected scause 0xf pid=6534
            sepc=0x1c8c stval=0x100000000000000
usertrap(): unexpected scause 0xf pid=6535
            sepc=0x1c8c stval=0x200000000000000
usertrap(): unexpected scause 0xf pid=6536
            sepc=0x1c8c stval=0x400000000000000
usertrap(): unexpected scause 0xf pid=6537
            sepc=0x1c8c stval=0x800000000000000
usertrap(): unexpected scause 0xf pid=6538
            sepc=0x1c8c stval=0x1000000000000000
usertrap(): unexpected scause 0xf pid=6539
            sepc=0x1c8c stval=0x2000000000000000
usertrap(): unexpected scause 0xf pid=6540
            sepc=0x1c8c stval=0x4000000000000000
usertrap(): unexpected scause 0xf pid=6541
            sepc=0x1c8c stval=0x8000000000000000
OK
test sbrkfail: usertrap(): unexpected scause 0xd pid=6553
            sepc=0x3a52 stval=0x13000
OK
test sbrkarg: OK
test validatetest: OK
test bsstest: OK
test bigargtest: OK
test argptest: OK
test stacktest: usertrap(): unexpected scause 0xd pid=6561
            sepc=0x1ce0 stval=0x10e90
OK
test nowrite: usertrap(): unexpected scause 0xf pid=6563
            sepc=0x1d86 stval=0x0
usertrap(): unexpected scause 0xf pid=6564
            sepc=0x1d86 stval=0x80000000
usertrap(): unexpected scause 0xf pid=6565
            sepc=0x1d86 stval=0x3fffffe000
usertrap(): unexpected scause 0xf pid=6566
            sepc=0x1d86 stval=0x3ffffff000
usertrap(): unexpected scause 0xf pid=6567
            sepc=0x1d86 stval=0x4000000000
usertrap(): unexpected scause 0xf pid=6568
            sepc=0x1d86 stval=0xffffffffffffffff
OK
test pgbug: OK
test sbrkbugs: usertrap(): unexpected scause 0xc pid=6571
            sepc=0x4b24 stval=0x4b24
usertrap(): unexpected scause 0xc pid=6572
            sepc=0x4b24 stval=0x4b24
OK
test sbrklast: OK
test sbrk8000: OK
test badarg: OK
FAILED -- lost some free pages 25861 (out of 32423)
$ qemu-system-riscv64: terminating on signal 15 from pid 26102 (make)
